Determining if the pthread_create exist failed with the following output:
Change Dir: /home/lgl/master/SCARA/xCLib/src/xcdev/CMakeFiles/CMakeTmp

Run Build Command:/usr/bin/make "cmTryCompileExec3943681999/fast"
/usr/bin/make -f CMakeFiles/cmTryCompileExec3943681999.dir/build.make CMakeFiles/cmTryCompileExec3943681999.dir/build
make[1]: 正在进入目录 `/home/lgl/master/SCARA/xCLib/src/xcdev/CMakeFiles/CMakeTmp'
/usr/bin/cmake -E cmake_progress_report /home/lgl/master/SCARA/xCLib/src/xcdev/CMakeFiles/CMakeTmp/CMakeFiles 1
Building C object CMakeFiles/cmTryCompileExec3943681999.dir/CheckSymbolExists.c.o
/usr/bin/cc    -o CMakeFiles/cmTryCompileExec3943681999.dir/CheckSymbolExists.c.o   -c /home/lgl/master/SCARA/xCLib/src/xcdev/CMakeFiles/CMakeTmp/CheckSymbolExists.c
Linking C executable cmTryCompileExec3943681999
/usr/bin/cmake -E cmake_link_script CMakeFiles/cmTryCompileExec3943681999.dir/link.txt --verbose=1
/usr/bin/cc       CMakeFiles/cmTryCompileExec3943681999.dir/CheckSymbolExists.c.o  -o cmTryCompileExec3943681999 -rdynamic 
CMakeFiles/cmTryCompileExec3943681999.dir/CheckSymbolExists.c.o：在函数‘main’中：
CheckSymbolExists.c:(.text+0x16)：对‘pthread_create’未定义的引用
collect2: error: ld returned 1 exit status
make[1]: *** [cmTryCompileExec3943681999] 错误 1
make[1]:正在离开目录 `/home/lgl/master/SCARA/xCLib/src/xcdev/CMakeFiles/CMakeTmp'
make: *** [cmTryCompileExec3943681999/fast] 错误 2

File /home/lgl/master/SCARA/xCLib/src/xcdev/CMakeFiles/CMakeTmp/CheckSymbolExists.c:
/* */
#include <pthread.h>

int main(int argc, char** argv)
{
  (void)argv;
#ifndef pthread_create
  return ((int*)(&pthread_create))[argc];
#else
  (void)argc;
  return 0;
#endif
}

Determining if the function pthread_create exists in the pthreads failed with the following output:
Change Dir: /home/lgl/master/SCARA/xCLib/src/xcdev/CMakeFiles/CMakeTmp

Run Build Command:/usr/bin/make "cmTryCompileExec163936773/fast"
/usr/bin/make -f CMakeFiles/cmTryCompileExec163936773.dir/build.make CMakeFiles/cmTryCompileExec163936773.dir/build
make[1]: 正在进入目录 `/home/lgl/master/SCARA/xCLib/src/xcdev/CMakeFiles/CMakeTmp'
/usr/bin/cmake -E cmake_progress_report /home/lgl/master/SCARA/xCLib/src/xcdev/CMakeFiles/CMakeTmp/CMakeFiles 1
Building C object CMakeFiles/cmTryCompileExec163936773.dir/CheckFunctionExists.c.o
/usr/bin/cc   -DCHECK_FUNCTION_EXISTS=pthread_create   -o CMakeFiles/cmTryCompileExec163936773.dir/CheckFunctionExists.c.o   -c /usr/share/cmake-2.8/Modules/CheckFunctionExists.c
Linking C executable cmTryCompileExec163936773
/usr/bin/cmake -E cmake_link_script CMakeFiles/cmTryCompileExec163936773.dir/link.txt --verbose=1
/usr/bin/cc   -DCHECK_FUNCTION_EXISTS=pthread_create    CMakeFiles/cmTryCompileExec163936773.dir/CheckFunctionExists.c.o  -o cmTryCompileExec163936773 -rdynamic -lpthreads 
/usr/bin/ld: 找不到 -lpthreads
collect2: error: ld returned 1 exit status
make[1]: *** [cmTryCompileExec163936773] 错误 1
make[1]:正在离开目录 `/home/lgl/master/SCARA/xCLib/src/xcdev/CMakeFiles/CMakeTmp'
make: *** [cmTryCompileExec163936773/fast] 错误 2


